2022-06-24 20:23:59 INFO  OrangeHRMHome:95 - The option is selected from dropdown successfully
2022-06-24 20:35:19 INFO  OrangeHRMHome:96 - The option is selected from dropdown successfully
2022-06-24 20:35:20 INFO  OrangeHRMHome:71 - The information is successfully saved
2022-06-24 20:48:00 INFO  OrangeHRMHome:63 - Gulsen is successfully entered
2022-06-24 20:48:00 INFO  OrangeHRMHome:68 - Renastech is successfully entered
2022-06-24 20:48:01 INFO  OrangeHRMHome:98 - The option is selected from dropdown successfully
2022-06-24 20:48:02 INFO  OrangeHRMHome:73 - The information is successfully saved
2022-06-24 21:09:46 INFO  OrangeHRMHome:63 - Libby is successfully entered
2022-06-24 21:09:46 INFO  OrangeHRMHome:68 - Renastech is successfully entered
2022-06-24 21:09:48 INFO  OrangeHRMHome:73 - The information is successfully saved
2022-06-24 21:20:58 INFO  OrangeHRMHome:63 - Libby is successfully entered
2022-06-24 21:20:58 INFO  OrangeHRMHome:68 - Renastech is successfully entered
2022-06-24 21:21:00 INFO  OrangeHRMHome:73 - The information is successfully saved
2022-06-24 21:36:15 INFO  OrangeHRMHome:63 - Libby is successfully entered
2022-06-24 21:36:15 INFO  OrangeHRMHome:68 - Renastech is successfully entered
2022-06-24 21:36:17 INFO  OrangeHRMHome:73 - The information is successfully saved
2022-06-24 21:36:25 INFO  OrangeHRMHome:63 - Gulsen is successfully entered
2022-06-24 21:36:25 INFO  OrangeHRMHome:68 - Renastech is successfully entered
2022-06-24 21:36:27 INFO  OrangeHRMHome:98 - The option is selected from dropdown successfully
2022-06-24 21:36:28 INFO  OrangeHRMHome:73 - The information is successfully saved
2022-06-24 21:45:12 INFO  OrangeHRMHome:63 - Gulsen is successfully entered
2022-06-24 21:45:12 INFO  OrangeHRMHome:68 - Renastech is successfully entered
2022-06-24 21:45:13 INFO  OrangeHRMHome:98 - The option is selected from dropdown successfully
2022-06-24 21:45:15 INFO  OrangeHRMHome:73 - The information is successfully saved
2022-06-24 21:50:33 INFO  OrangeHRMHome:63 - Libby is successfully entered
2022-06-24 21:50:33 INFO  OrangeHRMHome:68 - Renastech is successfully entered
2022-06-24 21:50:35 INFO  OrangeHRMHome:73 - The information is successfully saved
2022-06-24 21:50:43 INFO  OrangeHRMHome:63 - Gulsen is successfully entered
2022-06-24 21:50:43 INFO  OrangeHRMHome:68 - Renastech is successfully entered
2022-06-24 21:50:45 INFO  OrangeHRMHome:98 - The option is selected from dropdown successfully
2022-06-24 21:50:46 INFO  OrangeHRMHome:73 - The information is successfully saved
2022-06-24 21:50:59 INFO  OrangeHRMHome:63 - Omer1234 is successfully entered
2022-06-24 21:51:00 INFO  OrangeHRMHome:68 - 123BRk is successfully entered
2022-06-27 21:30:19 INFO  OrangeHRMHome:63 - Gule is successfully entered
2022-06-27 21:30:19 INFO  OrangeHRMHome:68 - Eda is successfully entered
2022-06-27 21:30:21 INFO  OrangeHRMHome:73 - The information is successfully saved
2022-06-27 21:31:29 INFO  OrangeHRMHome:63 - Gule is successfully entered
2022-06-27 21:31:29 INFO  OrangeHRMHome:68 - Eda is successfully entered
2022-06-27 21:31:31 INFO  OrangeHRMHome:73 - The information is successfully saved
2022-06-27 21:31:42 INFO  OrangeHRMHome:63 - Omer1234 is successfully entered
2022-06-27 21:31:42 INFO  OrangeHRMHome:68 - 123BRk is successfully entered
2022-06-27 21:31:43 INFO  OrangeHRMHome:98 - The option is selected from dropdown successfully
2022-06-27 21:31:44 INFO  OrangeHRMHome:73 - The information is successfully saved
2022-06-27 21:43:37 INFO  OrangeHRMHome:63 - Eda is successfully entered
2022-06-27 21:43:37 INFO  OrangeHRMHome:68 - Atar is successfully entered
2022-06-27 21:43:38 INFO  OrangeHRMHome:98 - The option is selected from dropdown successfully
2022-06-27 21:43:48 INFO  OrangeHRMHome:63 - Eda is successfully entered
2022-06-27 21:43:48 INFO  OrangeHRMHome:68 - Atar is successfully entered
2022-06-27 21:43:50 INFO  OrangeHRMHome:98 - The option is selected from dropdown successfully
2022-06-27 21:44:00 INFO  OrangeHRMHome:63 - Eda is successfully entered
2022-06-27 21:44:00 INFO  OrangeHRMHome:68 - Atar is successfully entered
2022-06-27 21:44:02 INFO  OrangeHRMHome:98 - The option is selected from dropdown successfully
2022-06-27 21:44:12 INFO  OrangeHRMHome:63 - Eda is successfully entered
2022-06-27 21:44:12 INFO  OrangeHRMHome:68 - Atar is successfully entered
2022-06-27 21:44:14 INFO  OrangeHRMHome:98 - The option is selected from dropdown successfully
2022-06-27 21:44:24 INFO  OrangeHRMHome:63 - Eda is successfully entered
2022-06-27 21:44:24 INFO  OrangeHRMHome:68 - Atar is successfully entered
2022-06-27 21:44:25 INFO  OrangeHRMHome:98 - The option is selected from dropdown successfully
2022-06-30 16:29:22 INFO  OrangeHRMHome:63 - Gule is successfully entered
2022-06-30 16:29:23 INFO  OrangeHRMHome:68 - Eda is successfully entered
2022-06-30 16:29:25 INFO  OrangeHRMHome:73 - The information is successfully saved
2022-06-30 16:29:28 INFO  OrangeHRMHome:63 - Libby is successfully entered
2022-06-30 16:29:29 INFO  OrangeHRMHome:68 - Renastech is successfully entered
2022-06-30 16:29:32 INFO  OrangeHRMHome:73 - The information is successfully saved
2022-06-30 16:29:35 INFO  OrangeHRMHome:63 - Omer1234 is successfully entered
2022-06-30 16:29:35 INFO  OrangeHRMHome:68 - 123BRk is successfully entered
2022-06-30 16:29:37 INFO  OrangeHRMHome:98 - The option is selected from dropdown successfully
2022-06-30 16:29:38 INFO  OrangeHRMHome:73 - The information is successfully saved
2022-06-30 16:29:42 INFO  OrangeHRMHome:63 - Gulsen is successfully entered
2022-06-30 16:29:42 INFO  OrangeHRMHome:68 - Renastech is successfully entered
2022-06-30 16:29:45 INFO  OrangeHRMHome:98 - The option is selected from dropdown successfully
2022-06-30 16:29:46 INFO  OrangeHRMHome:73 - The information is successfully saved
2022-06-30 16:30:02 INFO  OrangeHRMHome:63 - Omer1234 is successfully entered
2022-06-30 16:30:02 INFO  OrangeHRMHome:68 - 123BRk is successfully entered
2022-06-30 19:25:19 INFO  OrangeHRMHome:63 - Gule is successfully entered
2022-06-30 19:25:19 INFO  OrangeHRMHome:68 - Eda is successfully entered
2022-06-30 19:25:22 INFO  OrangeHRMHome:73 - The information is successfully saved
2022-06-30 19:25:22 INFO  OrangeHRMHome:63 - Libby is successfully entered
2022-06-30 19:25:22 INFO  OrangeHRMHome:68 - Renastech is successfully entered
2022-06-30 19:25:24 INFO  OrangeHRMHome:73 - The information is successfully saved
2022-06-30 19:25:30 INFO  OrangeHRMHome:63 - Omer1234 is successfully entered
2022-06-30 19:25:30 INFO  OrangeHRMHome:68 - 123BRk is successfully entered
2022-06-30 19:25:32 INFO  OrangeHRMHome:98 - The option is selected from dropdown successfully
2022-06-30 19:25:33 INFO  OrangeHRMHome:73 - The information is successfully saved
2022-06-30 19:25:33 INFO  OrangeHRMHome:63 - Gulsen is successfully entered
2022-06-30 19:25:33 INFO  OrangeHRMHome:68 - Renastech is successfully entered
2022-06-30 19:25:35 INFO  OrangeHRMHome:98 - The option is selected from dropdown successfully
2022-06-30 19:25:36 INFO  OrangeHRMHome:73 - The information is successfully saved
2022-06-30 19:25:50 INFO  OrangeHRMHome:63 - Omer1234 is successfully entered
2022-06-30 19:25:50 INFO  OrangeHRMHome:68 - 123BRk is successfully entered
2022-06-30 19:30:32 INFO  OrangeHRMHome:63 - Gule is successfully entered
2022-06-30 19:30:32 INFO  OrangeHRMHome:68 - Eda is successfully entered
2022-06-30 19:30:34 INFO  OrangeHRMHome:73 - The information is successfully saved
2022-06-30 19:30:45 INFO  OrangeHRMHome:63 - Omer1234 is successfully entered
2022-06-30 19:30:45 INFO  OrangeHRMHome:68 - 123BRk is successfully entered
2022-06-30 19:30:46 INFO  OrangeHRMHome:98 - The option is selected from dropdown successfully
2022-06-30 19:30:47 INFO  OrangeHRMHome:73 - The information is successfully saved
2022-06-30 19:32:00 INFO  OrangeHRMHome:63 - Gule is successfully entered
2022-06-30 19:32:00 INFO  OrangeHRMHome:68 - Eda is successfully entered
2022-06-30 19:32:02 INFO  OrangeHRMHome:73 - The information is successfully saved
2022-06-30 19:32:09 INFO  OrangeHRMHome:63 - Libby is successfully entered
2022-06-30 19:32:09 INFO  OrangeHRMHome:68 - Renastech is successfully entered
2022-06-30 19:32:10 INFO  OrangeHRMHome:73 - The information is successfully saved
2022-06-30 19:32:12 INFO  OrangeHRMHome:63 - Omer1234 is successfully entered
2022-06-30 19:32:13 INFO  OrangeHRMHome:68 - 123BRk is successfully entered
2022-06-30 19:32:14 INFO  OrangeHRMHome:98 - The option is selected from dropdown successfully
2022-06-30 19:32:15 INFO  OrangeHRMHome:73 - The information is successfully saved
2022-06-30 19:32:21 INFO  OrangeHRMHome:63 - Gulsen is successfully entered
2022-06-30 19:32:21 INFO  OrangeHRMHome:68 - Renastech is successfully entered
2022-06-30 19:32:23 INFO  OrangeHRMHome:98 - The option is selected from dropdown successfully
2022-06-30 19:32:24 INFO  OrangeHRMHome:73 - The information is successfully saved
2022-06-30 19:32:40 INFO  OrangeHRMHome:63 - Omer1234 is successfully entered
2022-06-30 19:32:40 INFO  OrangeHRMHome:68 - 123BRk is successfully entered
2022-06-30 19:32:42 INFO  OrangeHRMHome:98 - The option is selected from dropdown successfully
2022-06-30 19:32:43 INFO  OrangeHRMHome:73 - The information is successfully saved
2022-06-30 19:39:16 INFO  OrangeHRMHome:63 - Gule is successfully entered
2022-06-30 19:39:17 INFO  OrangeHRMHome:68 - Eda is successfully entered
2022-06-30 19:39:19 INFO  OrangeHRMHome:73 - The information is successfully saved
2022-06-30 19:39:23 INFO  OrangeHRMHome:63 - Libby is successfully entered
2022-06-30 19:39:23 INFO  OrangeHRMHome:68 - Renastech is successfully entered
2022-06-30 19:39:25 INFO  OrangeHRMHome:73 - The information is successfully saved
2022-06-30 19:39:31 INFO  OrangeHRMHome:63 - Omer1234 is successfully entered
2022-06-30 19:39:31 INFO  OrangeHRMHome:68 - 123BRk is successfully entered
2022-06-30 19:39:32 INFO  OrangeHRMHome:98 - The option is selected from dropdown successfully
2022-06-30 19:39:33 INFO  OrangeHRMHome:73 - The information is successfully saved
2022-06-30 19:39:38 INFO  OrangeHRMHome:63 - Gulsen is successfully entered
2022-06-30 19:39:38 INFO  OrangeHRMHome:68 - Renastech is successfully entered
2022-06-30 19:39:39 INFO  OrangeHRMHome:98 - The option is selected from dropdown successfully
2022-06-30 19:39:41 INFO  OrangeHRMHome:73 - The information is successfully saved
2022-06-30 19:39:58 INFO  OrangeHRMHome:63 - Omer1234 is successfully entered
2022-06-30 19:39:58 INFO  OrangeHRMHome:68 - 123BRk is successfully entered
2022-06-30 19:39:59 INFO  OrangeHRMHome:98 - The option is selected from dropdown successfully
2022-06-30 19:40:00 INFO  OrangeHRMHome:73 - The information is successfully saved
